<?xml version="1.0" encoding="UTF-8"?>
<!-- Generated by org.testng.reporters.JUnitReportReporter -->
<testsuite hostname="DESKTOP-UGDET12" failures="0" tests="1" name="testcases.LoginPage2" time="3.379" errors="0" timestamp="2024-03-06T19:09:15 IST" skipped="0">
  <testcase classname="testcases.LoginPage2" name="LoginPage" time="3.379"/>
</testsuite> <!-- testcases.LoginPage2 -->
