<?xml version="1.0" encoding="UTF-8"?>
<!-- Generated by org.testng.reporters.JUnitReportReporter -->
<testsuite hostname="DESKTOP-UGDET12" failures="0" tests="1" name="Base.BaseClass" time="0.426" errors="0" timestamp="2024-03-03T12:02:05 IST" skipped="0">
  <testcase classname="Base.BaseClass" name="LoginPage" time="0.426"/>
</testsuite> <!-- Base.BaseClass -->
