<?xml version="1.0" encoding="UTF-8"?>
<!-- Generated by org.testng.reporters.JUnitReportReporter -->
<testsuite hostname="DESKTOP-UGDET12" failures="0" tests="1" name="testcases.OrangeLoginPage" time="3.999" errors="0" timestamp="2024-03-06T21:56:28 IST" skipped="0">
  <testcase classname="testcases.OrangeLoginPage" name="LoginPage" time="3.999"/>
</testsuite> <!-- testcases.OrangeLoginPage -->
