<?xml version="1.0" encoding="UTF-8"?>
<!-- Generated by org.testng.reporters.JUnitReportReporter -->
<testsuite hostname="DESKTOP-UGDET12" failures="0" tests="1" name="testcases.AdminTest" time="21.208" errors="0" timestamp="2024-03-10T17:25:52 IST" skipped="0">
  <testcase classname="testcases.AdminTest" name="AdminTes" time="21.208"/>
</testsuite> <!-- testcases.AdminTest -->
