<?xml version="1.0" encoding="UTF-8"?>
<!-- Generated by org.testng.reporters.JUnitReportReporter -->
<testsuite hostname="DESKTOP-UGDET12" failures="0" tests="2" name="testcases.HomePage" time="6.730" errors="0" timestamp="2024-03-06T19:09:15 IST" skipped="0">
  <testcase classname="testcases.HomePage" name="AddToCart" time="3.291"/>
  <testcase classname="testcases.HomePage" name="InformationPage" time="3.439"/>
</testsuite> <!-- testcases.HomePage -->
