<?xml version="1.0" encoding="UTF-8"?>
<!-- Generated by org.testng.reporters.JUnitReportReporter -->
<testsuite hostname="DESKTOP-UGDET12" failures="0" tests="3" name="TestRunner.CucumberTestRunner2withTags" time="0.086" errors="0" timestamp="2024-03-15T12:19:38 IST" skipped="0">
  <testcase classname="TestRunner.CucumberTestRunner2withTags" name="runScenario" time="0.003"/>
  <testcase classname="TestRunner.CucumberTestRunner2withTags" name="runScenario" time="0.080"/>
  <testcase classname="TestRunner.CucumberTestRunner2withTags" name="runScenario" time="0.003"/>
</testsuite> <!-- TestRunner.CucumberTestRunner2withTags -->
